<?xml version="1.0" encoding="UTF-8"?>
<!-- Generated by org.testng.reporters.JUnitXMLReporter -->
<testsuite hostname="DESKTOP-2MOEP7I" ignored="0" name="Banking Project" tests="8" failures="3" timestamp="2020-08-17T15:00:57 EDT" time="68.493" errors="0">
  <testcase name="loginTest" time="0.869" classname="com.guru99project.testCases.TC_LoginTest_001"/>
  <testcase name="loginDDT" time="10.817" classname="com.guru99project.testCases.TC_LoginDDT_002"/>
  <testcase name="loginDDT" time="3.634" classname="com.guru99project.testCases.TC_LoginDDT_002">
    <failure type="java.lang.AssertionError" message="expected [true] but found [false]">
      <![CDATA[java.lang.AssertionError: expected [true] but found [false]
at com.guru99project.testCases.TC_LoginDDT_002.loginDDT(TC_LoginDDT_002.java:28)
at java.util.ArrayList.forEach(Unknown Source)
... Removed 31 stack frames]]>
    </failure>
  </testcase> <!-- loginDDT -->
  <testcase name="loginDDT" time="10.075" classname="com.guru99project.testCases.TC_LoginDDT_002"/>
  <testcase name="loginDDT" time="3.745" classname="com.guru99project.testCases.TC_LoginDDT_002">
    <failure type="java.lang.AssertionError" message="expected [true] but found [false]">
      <![CDATA[java.lang.AssertionError: expected [true] but found [false]
at com.guru99project.testCases.TC_LoginDDT_002.loginDDT(TC_LoginDDT_002.java:28)
at java.util.ArrayList.forEach(Unknown Source)
... Removed 31 stack frames]]>
    </failure>
  </testcase> <!-- loginDDT -->
  <testcase name="loginDDT" time="3.61" classname="com.guru99project.testCases.TC_LoginDDT_002">
    <failure type="java.lang.AssertionError" message="expected [true] but found [false]">
      <![CDATA[java.lang.AssertionError: expected [true] but found [false]
at com.guru99project.testCases.TC_LoginDDT_002.loginDDT(TC_LoginDDT_002.java:28)
at java.util.ArrayList.forEach(Unknown Source)
... Removed 31 stack frames]]>
    </failure>
  </testcase> <!-- loginDDT -->
  <testcase name="loginDDT" time="9.978" classname="com.guru99project.testCases.TC_LoginDDT_002"/>
  <testcase name="addNewCustomer" time="8.362" classname="com.guru99project.testCases.TC_AddCustomerTest_003"/>
</testsuite> <!-- Banking Project -->
